[2014-12-25 22:40:11 INFO ] [main] (MainTest:28) - start test
[2014-12-25 22:40:11 INFO ] [main] (hit.ourdb.ServerDataSource:40) - masterinit conn 0
[2014-12-25 22:40:11 INFO ] [connector] (hit.ourdb.NIO.AbstractConnection:74) - connect register OP_CONNECT
[2014-12-25 22:40:11 INFO ] [connector] (hit.ourdb.NIO.BackendConnection:41) - finish connect in BackendConnection
[2014-12-25 22:40:11 INFO ] [Thread-0] (hit.ourdb.NIO.AbstractConnection:58) - register OP_READ
[2014-12-25 22:40:11 INFO ] [Thread-0] (hit.ourdb.NIO.BackendConnection:64) - begin read data in BackendConnection
[2014-12-25 22:40:11 INFO ] [Thread-0] (hit.ourdb.NIO.procotol.MySQLPacket:37) - Begin unpack MySQLPacket
[2014-12-25 22:40:11 INFO ] [Thread-0] (hit.ourdb.NIO.procotol.MySQLPacket:31) - length of the packet is 78
[2014-12-25 22:40:11 INFO ] [Thread-0] (hit.ourdb.NIO.procotol.MySQLPacket:33) - num of the packet is 0
[2014-12-25 22:40:11 INFO ] [Thread-0] (hit.ourdb.NIO.procotol.MySQLHandshake:33) - protocal version is 0xa
[2014-12-25 22:40:11 INFO ] [Thread-0] (hit.ourdb.NIO.procotol.MySQLHandshake:35) - server version is 5.6.14-log
[2014-12-25 22:40:11 INFO ] [Thread-0] (hit.ourdb.NIO.procotol.MySQLHandshake:37) - thread id is 4235
[2014-12-25 22:40:11 INFO ] [Thread-0] (hit.ourdb.NIO.procotol.MySQLHandshake:39) - auth data part 1 is lry(Xdmy
[2014-12-25 22:40:11 INFO ] [Thread-0] (hit.ourdb.NIO.procotol.MySQLHandshake:44) - server capablilities is 807ff7ff
[2014-12-25 22:40:11 INFO ] [Thread-0] (hit.ourdb.NIO.procotol.MySQLHandshake:47) - CLIENT_PLUGIN_AUTH enable
[2014-12-25 22:40:11 INFO ] [Thread-0] (hit.ourdb.NIO.procotol.MySQLHandshake:49) - length of auth-plugin-data is 21
[2014-12-25 22:40:11 INFO ] [Thread-0] (hit.ourdb.NIO.procotol.MySQLHandshake:57) - CLIENT_SECURE_CONNECTION enable
[2014-12-25 22:40:11 INFO ] [Thread-0] (hit.ourdb.NIO.procotol.MySQLHandshake:59) - auth-plugin-data-part-2 is 6A%4tnKl_tL^
[2014-12-25 22:40:11 INFO ] [Thread-0] (hit.ourdb.NIO.procotol.MySQLHandshake:67) - auth-plugin-name is mysql_native_password
[2014-12-25 22:40:11 INFO ] [Thread-0] (hit.ourdb.NIO.procotol.MySQLHandshake:69) - packet position is 82
[2014-12-25 22:40:11 INFO ] [Thread-0] (hit.ourdb.NIO.procotol.MySQLHandshake:70) - packet length is 1024
[2014-12-25 22:40:11 INFO ] [Thread-0] (hit.ourdb.NIO.procotol.MySQLHandshake:71) - unpack MySQLHandshake
[2014-12-25 22:40:11 INFO ] [Thread-0] (hit.ourdb.NIO.procotol.MySQLPacket:40) - finish unpack MySQLPacket
[2014-12-25 22:40:11 DEBUG] [Thread-0] (hit.ourdb.NIO.procotol.MySQLHandshake:27) - the scramble str is lry(Xdmy6A%4tnKl_tL^
[2014-12-25 22:40:11 INFO ] [Thread-0] (hit.ourdb.NIO.procotol.MySQLPacket:63) - begin pack MySQLPacket
[2014-12-25 22:40:11 DEBUG] [Thread-0] (hit.ourdb.NIO.procotol.MySQLPacket:73) - begin to packBody for AuthPacket
[2014-12-25 22:40:11 DEBUG] [Thread-0] (hit.ourdb.NIO.procotol.MySQLPacket:74) - only support no password now
[2014-12-25 22:40:11 INFO ] [Thread-0] (hit.ourdb.NIO.procotol.MySQLPacket:69) - finish pack MySQLPacet
[2014-12-25 22:40:11 INFO ] [Thread-0] (hit.ourdb.NIO.BackendConnection:97) - write to mysql server 69
[2014-12-25 22:40:11 INFO ] [Thread-0] (hit.ourdb.NIO.AbstractConnection:58) - register OP_READ
[2014-12-25 22:40:11 INFO ] [Thread-0] (hit.ourdb.NIO.BackendConnection:64) - begin read data in BackendConnection
[2014-12-25 22:40:11 INFO ] [Thread-0] (hit.ourdb.NIO.BackendConnection:103) - begin to read data after write some data
[2014-12-25 22:40:11 INFO ] [Thread-0] (hit.ourdb.NIO.BackendConnection:106) - read from mysql server 11
[2014-12-25 22:40:11 INFO ] [Thread-0] (hit.ourdb.NIO.BackendConnection:111) - auth sucesslly
[2014-12-25 22:40:11 INFO ] [Thread-0] (hit.ourdb.NIO.AbstractConnection:58) - register OP_READ
